app/build/outputs/logs/manifest-merger-debug-report.txt
-- Merging decision tree log ---
manifest
ADDED from src\main\AndroidManifest.xml:2:1-92:12
INJECTED from src\main\AndroidManifest.xml:2:1-92:12
INJECTED from src\main\AndroidManifest.xml:2:1-92:12
INJECTED from src\main\AndroidManifest.xml:2:1-92:12
MERGED from [com.android.support:design:27.1.1] AndroidManifest.xml:17:1-22:12
MERGED from [com.synnapps:carouselview:0.1.4] AndroidManifest.xml:2:1-16:12
MERGED from [com.android.support:appcompat-v7:27.1.1] AndroidManifest.xml:17:1-22:12
MERGED from [com.android.support.constraint:constraint-layout:1.1.3] AndroidManifest.xml:2:1-11:12
MERGED from [com.android.support:support-v4:27.1.1] AndroidManifest.xml:17:1-22:12
MERGED from [com.android.support:recyclerview-v7:27.1.1] AndroidManifest.xml:17:1-22:12
MERGED from [com.android.support:cardview-v7:27.1.1] AndroidManifest.xml:17:1-22:12
MERGED from [com.android.support:support-fragment:27.1.1] AndroidManifest.xml:17:1-22:12
MERGED from [com.android.support:animated-vector-drawable:27.1.1] AndroidManifest.xml:17:1-22:12
MERGED from [com.android.support:support-core-ui:27.1.1] AndroidManifest.xml:17:1-22:12
MERGED from [com.android.support:support-core-utils:27.1.1] AndroidManifest.xml:17:1-22:12
MERGED from [com.android.support:support-media-compat:27.1.1] AndroidManifest.xml:17:1-22:12
MERGED from [com.android.support:transition:27.1.1] AndroidManifest.xml:17:1-22:12
MERGED from [com.android.support:support-vector-drawable:27.1.1] AndroidManifest.xml:17:1-22:12
MERGED from [com.android.support:support-compat:27.1.1] AndroidManifest.xml:17:1-22:12
MERGED from [android.arch.lifecycle:livedata-core:1.1.0] AndroidManifest.xml:17:1-22:12
MERGED from [android.arch.lifecycle:viewmodel:1.1.0] AndroidManifest.xml:17:1-22:12
MERGED from [android.arch.lifecycle:runtime:1.1.0] AndroidManifest.xml:17:1-22:12
MERGED from [android.arch.core:runtime:1.1.0] AndroidManifest.xml:17:1-22:12
INJECTED from src\main\AndroidManifest.xml:2:1-92:12
INJECTED from src\main\AndroidManifest.xml:2:1-92:12
INJECTED from src\main\AndroidManifest.xml:2:1-92:12
	package
		ADDED from src\main\AndroidManifest.xml:4:5-49
		INJECTED from src\main\AndroidManifest.xml
		INJECTED from src\main\AndroidManifest.xml
	android:versionName
		INJECTED from src\main\AndroidManifest.xml
		ADDED from src\main\AndroidManifest.xml:2:1-92:12
		INJECTED from src\main\AndroidManifest.xml
	xmlns:tools
		ADDED from src\main\AndroidManifest.xml:3:5-51
	android:versionCode
		INJECTED from src\main\AndroidManifest.xml
		ADDED from src\main\AndroidManifest.xml:2:1-92:12
		INJECTED from src\main\AndroidManifest.xml
	xmlns:android
		ADDED from src\main\AndroidManifest.xml:2:11-69
uses-permission#android.permission.INTERNET
ADDED from src\main\AndroidManifest.xml:6:5-67
	android:name
		ADDED from src\main\AndroidManifest.xml:6:22-64
uses-permission#android.permission.READ_EXTERNAL_STORAGE
ADDED from src\main\AndroidManifest.xml:7:5-80
	android:name
		ADDED from src\main\AndroidManifest.xml:7:22-77
uses-permission#android.permission.WRITE_EXTERNAL_STORAGE
ADDED from src\main\AndroidManifest.xml:8:5-81
	android:name
		ADDED from src\main\AndroidManifest.xml:8:22-78
uses-permission#android.permission.WRITE_INTERNAL_STORAGE
ADDED from src\main\AndroidManifest.xml:9:5-80
	android:name
		ADDED from src\main\AndroidManifest.xml:9:22-78
application
ADDED from src\main\AndroidManifest.xml:11:5-91:19
MERGED from [com.synnapps:carouselview:0.1.4] AndroidManifest.xml:11:5-14:19
MERGED from [com.synnapps:carouselview:0.1.4] AndroidManifest.xml:11:5-14:19
MERGED from [com.android.support.constraint:constraint-layout:1.1.3] AndroidManifest.xml:9:5-20
MERGED from [com.android.support.constraint:constraint-layout:1.1.3] AndroidManifest.xml:9:5-20
	android:supportsRtl
		ADDED from src\main\AndroidManifest.xml:16:9-35
	android:label
		ADDED from src\main\AndroidManifest.xml:14:9-41
	android:roundIcon
		ADDED from src\main\AndroidManifest.xml:15:9-54
	android:icon
		ADDED from src\main\AndroidManifest.xml:13:9-43
	android:allowBackup
		ADDED from src\main\AndroidManifest.xml:12:9-35
	android:theme
		ADDED from src\main\AndroidManifest.xml:17:9-40
activity#com.simple.ibnuqarib.myapplication.IntroActivity
ADDED from src\main\AndroidManifest.xml:18:9-24:20
	android:name
		ADDED from src\main\AndroidManifest.xml:18:19-48
intent-filter#action:name:android.intent.action.MAIN+category:name:android.intent.category.LAUNCHER
ADDED from src\main\AndroidManifest.xml:19:13-23:29
action#android.intent.action.MAIN
ADDED from src\main\AndroidManifest.xml:20:17-69
	android:name
		ADDED from src\main\AndroidManifest.xml:20:25-66
category#android.intent.category.LAUNCHER
ADDED from src\main\AndroidManifest.xml:22:17-77
	android:name
		ADDED from src\main\AndroidManifest.xml:22:27-74
activity#com.simple.ibnuqarib.myapplication.ResponseNews.NEWS.DetailActivity
ADDED from src\main\AndroidManifest.xml:25:9-27:50
	tools:ignore
		ADDED from src\main\AndroidManifest.xml:27:13-47
	android:name
		ADDED from src\main\AndroidManifest.xml:26:13-61
activity#com.simple.ibnuqarib.myapplication.ResponseNews.NEWS.LihatNews
ADDED from src\main\AndroidManifest.xml:28:9-30:50
	tools:ignore
		ADDED from src\main\AndroidManifest.xml:30:13-47
	android:name
		ADDED from src\main\AndroidManifest.xml:29:13-56
activity#com.simple.ibnuqarib.myapplication.ResponseSoftware.SOFTWARE.LihatSoftware
ADDED from src\main\AndroidManifest.xml:31:9-33:50
	tools:ignore
		ADDED from src\main\AndroidManifest.xml:33:13-47
	android:name
		ADDED from src\main\AndroidManifest.xml:32:13-68
activity#com.simple.ibnuqarib.myapplication.ResponseProduk.PRODUCT.DetailProduk
ADDED from src\main\AndroidManifest.xml:34:9-36:50
	tools:ignore
		ADDED from src\main\AndroidManifest.xml:36:13-47
	android:name
		ADDED from src\main\AndroidManifest.xml:35:13-64
activity#com.simple.ibnuqarib.myapplication.ResponseProduk.PRODUCT.LihatProduk
ADDED from src\main\AndroidManifest.xml:37:9-39:50
	tools:ignore
		ADDED from src\main\AndroidManifest.xml:39:13-47
	android:name
		ADDED from src\main\AndroidManifest.xml:38:13-63
activity#com.simple.ibnuqarib.myapplication.MainActivity
ADDED from src\main\AndroidManifest.xml:40:9-43:47
	android:label
		ADDED from src\main\AndroidManifest.xml:42:13-58
	android:theme
		ADDED from src\main\AndroidManifest.xml:43:13-44
	android:name
		ADDED from src\main\AndroidManifest.xml:41:13-41
activity#com.simple.ibnuqarib.myapplication.Download
ADDED from src\main\AndroidManifest.xml:44:9-46
	android:name
		ADDED from src\main\AndroidManifest.xml:44:19-43
activity#com.simple.ibnuqarib.myapplication.ResponseSoftware.SOFTWARE.DetailSoftware
ADDED from src\main\AndroidManifest.xml:45:9-47:50
	tools:ignore
		ADDED from src\main\AndroidManifest.xml:47:13-47
	android:name
		ADDED from src\main\AndroidManifest.xml:46:13-69
activity#com.simple.ibnuqarib.myapplication.ResponseModul.MODUL.DetailModul
ADDED from src\main\AndroidManifest.xml:48:9-50:50
	tools:ignore
		ADDED from src\main\AndroidManifest.xml:50:13-47
	android:name
		ADDED from src\main\AndroidManifest.xml:49:13-60
activity#com.simple.ibnuqarib.myapplication.ResponseModul.MODUL.LihatDokumen
ADDED from src\main\AndroidManifest.xml:51:9-53:50
	tools:ignore
		ADDED from src\main\AndroidManifest.xml:53:13-47
	android:name
		ADDED from src\main\AndroidManifest.xml:52:13-61
activity#com.simple.ibnuqarib.myapplication.Maps
ADDED from src\main\AndroidManifest.xml:54:9-42
	android:name
		ADDED from src\main\AndroidManifest.xml:54:19-39
activity#com.simple.ibnuqarib.myapplication.web
ADDED from src\main\AndroidManifest.xml:55:9-41
	android:name
		ADDED from src\main\AndroidManifest.xml:55:19-38
activity#com.simple.ibnuqarib.myapplication.ResponseCategory.SUB.LihatSub
ADDED from src\main\AndroidManifest.xml:57:9-59:50
	tools:ignore
		ADDED from src\main\AndroidManifest.xml:59:13-47
	android:name
		ADDED from src\main\AndroidManifest.xml:58:13-58
activity#com.simple.ibnuqarib.myapplication.ResponseCategory.SUB.DetailSub
ADDED from src\main\AndroidManifest.xml:60:9-62:50
	tools:ignore
		ADDED from src\main\AndroidManifest.xml:62:13-47
	android:name
		ADDED from src\main\AndroidManifest.xml:61:13-59
activity#com.simple.ibnuqarib.myapplication.ResponseCategory.LihatCategory
ADDED from src\main\AndroidManifest.xml:63:9-65:50
	tools:ignore
		ADDED from src\main\AndroidManifest.xml:65:13-47
	android:name
		ADDED from src\main\AndroidManifest.xml:64:13-59
activity#com.simple.ibnuqarib.myapplication.ResponseModul.MODUL.DownloadModul
ADDED from src\main\AndroidManifest.xml:66:9-68:50
	tools:ignore
		ADDED from src\main\AndroidManifest.xml:68:13-47
	android:name
		ADDED from src\main\AndroidManifest.xml:67:13-62
activity#com.simple.ibnuqarib.myapplication.ResponseSoftware.SOFTWARE.DownloadSoftware
ADDED from src\main\AndroidManifest.xml:69:9-70:50
	tools:ignore
		ADDED from src\main\AndroidManifest.xml:70:13-47
	android:name
		ADDED from src\main\AndroidManifest.xml:69:19-77
activity#com.simple.ibnuqarib.myapplication.LihatOnline.Monitoring.LihatOnline
ADDED from src\main\AndroidManifest.xml:71:9-72:50
	tools:ignore
		ADDED from src\main\AndroidManifest.xml:72:13-47
	android:name
		ADDED from src\main\AndroidManifest.xml:71:19-69
activity#com.simple.ibnuqarib.myapplication.LihatAnalyzer.Analyzer.LihatAnalyzer
ADDED from src\main\AndroidManifest.xml:73:9-74:50
	tools:ignore
		ADDED from src\main\AndroidManifest.xml:74:13-47
	android:name
		ADDED from src\main\AndroidManifest.xml:73:19-71
activity#com.simple.ibnuqarib.myapplication.LihatAnalyzer.Analyzer.LihatMediaAnalyzer
ADDED from src\main\AndroidManifest.xml:75:9-76:50
	tools:ignore
		ADDED from src\main\AndroidManifest.xml:76:13-47
	android:name
		ADDED from src\main\AndroidManifest.xml:75:19-76
activity#com.simple.ibnuqarib.myapplication.LihatOnline.Monitoring.LihatMediaOnline
ADDED from src\main\AndroidManifest.xml:77:9-78:50
	tools:ignore
		ADDED from src\main\AndroidManifest.xml:78:13-47
	android:name
		ADDED from src\main\AndroidManifest.xml:77:19-74
activity#com.simple.ibnuqarib.myapplication.About
ADDED from src\main\AndroidManifest.xml:79:9-43
	android:name
		ADDED from src\main\AndroidManifest.xml:79:19-40
activity#com.simple.ibnuqarib.myapplication.Contact
ADDED from src\main\AndroidManifest.xml:80:9-45
	android:name
		ADDED from src\main\AndroidManifest.xml:80:19-42
activity#com.simple.ibnuqarib.myapplication.WelcomeActivity
ADDED from src\main\AndroidManifest.xml:81:9-85:63
	android:label
		ADDED from src\main\AndroidManifest.xml:83:13-45
	android:windowSoftInputMode
		ADDED from src\main\AndroidManifest.xml:85:13-60
	android:name
		ADDED from src\main\AndroidManifest.xml:82:13-44
activity#com.simple.ibnuqarib.myapplication.Drawerr
ADDED from src\main\AndroidManifest.xml:86:9-90:63
	android:label
		ADDED from src\main\AndroidManifest.xml:88:13-45
	android:windowSoftInputMode
		ADDED from src\main\AndroidManifest.xml:90:13-60
	android:name
		ADDED from src\main\AndroidManifest.xml:87:13-36
uses-sdk
INJECTED from src\main\AndroidManifest.xml reason: use-sdk injection requested
INJECTED from src\main\AndroidManifest.xml
INJECTED from src\main\AndroidManifest.xml
MERGED from [com.android.support:design:27.1.1] AndroidManifest.xml:20:5-44
MERGED from [com.android.support:design:27.1.1] AndroidManifest.xml:20:5-44
MERGED from [com.synnapps:carouselview:0.1.4] AndroidManifest.xml:7:5-9:41
MERGED from [com.synnapps:carouselview:0.1.4] AndroidManifest.xml:7:5-9:41
MERGED from [com.android.support:appcompat-v7:27.1.1] AndroidManifest.xml:20:5-44
MERGED from [com.android.support:appcompat-v7:27.1.1] AndroidManifest.xml:20:5-44
MERGED from [com.android.support.constraint:constraint-layout:1.1.3] AndroidManifest.xml:5:5-7:41
MERGED from [com.android.support.constraint:constraint-layout:1.1.3] AndroidManifest.xml:5:5-7:41
MERGED from [com.android.support:support-v4:27.1.1] AndroidManifest.xml:20:5-44
MERGED from [com.android.support:support-v4:27.1.1] AndroidManifest.xml:20:5-44
MERGED from [com.android.support:recyclerview-v7:27.1.1] AndroidManifest.xml:20:5-44
MERGED from [com.android.support:recyclerview-v7:27.1.1] AndroidManifest.xml:20:5-44
MERGED from [com.android.support:cardview-v7:27.1.1] AndroidManifest.xml:20:5-44
MERGED from [com.android.support:cardview-v7:27.1.1] AndroidManifest.xml:20:5-44
MERGED from [com.android.support:support-fragment:27.1.1] AndroidManifest.xml:20:5-44
MERGED from [com.android.support:support-fragment:27.1.1] AndroidManifest.xml:20:5-44
MERGED from [com.android.support:animated-vector-drawable:27.1.1] AndroidManifest.xml:20:5-44
MERGED from [com.android.support:animated-vector-drawable:27.1.1] AndroidManifest.xml:20:5-44
MERGED from [com.android.support:support-core-ui:27.1.1] AndroidManifest.xml:20:5-44
MERGED from [com.android.support:support-core-ui:27.1.1] AndroidManifest.xml:20:5-44
MERGED from [com.android.support:support-core-utils:27.1.1] AndroidManifest.xml:20:5-44
MERGED from [com.android.support:support-core-utils:27.1.1] AndroidManifest.xml:20:5-44
MERGED from [com.android.support:support-media-compat:27.1.1] AndroidManifest.xml:20:5-44
MERGED from [com.android.support:support-media-compat:27.1.1] AndroidManifest.xml:20:5-44
MERGED from [com.android.support:transition:27.1.1] AndroidManifest.xml:20:5-44
MERGED from [com.android.support:transition:27.1.1] AndroidManifest.xml:20:5-44
MERGED from [com.android.support:support-vector-drawable:27.1.1] AndroidManifest.xml:20:5-44
MERGED from [com.android.support:support-vector-drawable:27.1.1] AndroidManifest.xml:20:5-44
MERGED from [com.android.support:support-compat:27.1.1] AndroidManifest.xml:20:5-44
MERGED from [com.android.support:support-compat:27.1.1] AndroidManifest.xml:20:5-44
MERGED from [android.arch.lifecycle:livedata-core:1.1.0] AndroidManifest.xml:20:5-44
MERGED from [android.arch.lifecycle:livedata-core:1.1.0] AndroidManifest.xml:20:5-44
MERGED from [android.arch.lifecycle:viewmodel:1.1.0] AndroidManifest.xml:20:5-44
MERGED from [android.arch.lifecycle:viewmodel:1.1.0] AndroidManifest.xml:20:5-44
MERGED from [android.arch.lifecycle:runtime:1.1.0] AndroidManifest.xml:20:5-44
MERGED from [android.arch.lifecycle:runtime:1.1.0] AndroidManifest.xml:20:5-44
MERGED from [android.arch.core:runtime:1.1.0] AndroidManifest.xml:20:5-44
MERGED from [android.arch.core:runtime:1.1.0] AndroidManifest.xml:20:5-44
INJECTED from src\main\AndroidManifest.xml
INJECTED from src\main\AndroidManifest.xml
	android:targetSdkVersion
		INJECTED from src\main\AndroidManifest.xml
		ADDED from src\main\AndroidManifest.xml
		INJECTED from src\main\AndroidManifest.xml
	android:minSdkVersion
		INJECTED from src\main\AndroidManifest.xml
		ADDED from src\main\AndroidManifest.xml
		INJECTED from src\main\AndroidManifest.xml